Run swift test --filter MonoTaskClearResultTests
Fetching https://github.com/Alamofire/Alamofire.git
[1/30176] Fetching alamofire
Fetched https://github.com/Alamofire/Alamofire.git from cache (2.33s)
Computing version for https://github.com/Alamofire/Alamofire.git
Computed https://github.com/Alamofire/Alamofire.git at 5.10.2 (0.37s)
Creating working copy for https://github.com/Alamofire/Alamofire.git
Working copy of https://github.com/Alamofire/Alamofire.git resolved at 5.10.2
warning: 'monstra': found 1 file(s) which are unhandled; explicitly declare them as resources or exclude from the target
    /Users/runner/work/Monstra/Monstra/Sources/Monstore/MemoryCache/README.md
Building for debugging...
[0/18] /Users/runner/work/Monstra/Monstra/.build/arm64-apple-macosx/debug/MonstraPackageTests.derived/runner.swift
[1/18] Write sources
[9/18] Copying PrivacyInfo.xcprivacy
[9/18] Write KVHeavyTaskDataProviderExample-entitlement.plist
[11/18] Write sources
[12/18] Write swift-version--4CD4308975962E7A.txt
[14/53] Emitting module Alamofire
[15/67] Emitting module MonstraBase
[16/69] Compiling MonstraBase CPUTimeStamp.swift
[17/69] Compiling MonstraBase DoublyLink.swift
[18/69] Compiling MonstraBase HashQueue.swift
[19/69] Compiling MonstraBase Heap.swift
[20/69] Compiling MonstraBase RetryCount.swift
[21/69] Compiling MonstraBase TracingIDFactory.swift
[22/80] Compiling Monstore TTLPriorityLRUQueue.swift
[23/81] Compiling Monstore CacheStatistics.swift
[24/81] Compiling MonstraBaseTests HashQueueTests.swift
[25/81] Compiling MonstraBaseTests HeapPerformanceTests.swift
[26/81] Emitting module Monstore
[27/87] Compiling MonstoreTests MemoryCachePerformanceTests.swift
[28/87] Compiling MonstoreTests PriorityLRUQueuePerformanceTests.swift
[29/87] Compiling MonstoreTests MemoryCacheTests.swift
[30/87] Compiling MonstoreTests PriorityLRUQueueTests.swift
[31/87] Compiling MonstoreTests TTLPriorityLRUQueueTests.swift
[32/87] Compiling MonstraBaseTests DoublyLinkTests.swift
[33/87] Compiling Alamofire Result+Alamofire.swift
[34/87] Compiling Alamofire StringEncoding+Alamofire.swift
[35/87] Compiling Alamofire URLRequest+Alamofire.swift
[36/87] Compiling Alamofire URLSessionConfiguration+Alamofire.swift
[37/87] Compiling Alamofire AlamofireExtended.swift
[38/87] Compiling Alamofire AuthenticationInterceptor.swift
[39/87] Compiling Alamofire CachedResponseHandler.swift
[40/87] Compiling Alamofire Combine.swift
[41/87] Compiling Alamofire Alamofire.swift
[42/87] Compiling Alamofire AFError.swift
[43/87] Compiling Alamofire DataRequest.swift
[44/87] Compiling Alamofire DataStreamRequest.swift
[45/87] Compiling Alamofire DownloadRequest.swift
[46/87] Compiling Alamofire HTTPHeaders.swift
[47/87] Compiling Alamofire HTTPMethod.swift
[48/87] Compiling Alamofire Notifications.swift
[49/87] Compiling Alamofire ParameterEncoder.swift
[50/87] Compiling Alamofire ParameterEncoding.swift
[51/87] Compiling Alamofire Protected.swift
[52/87] Compiling Alamofire Request.swift
[53/87] Compiling Alamofire RequestTaskMap.swift
[54/87] Compiling Alamofire Response.swift
[55/87] Compiling Alamofire Session.swift
[56/87] Compiling Alamofire Concurrency.swift
[57/87] Compiling Alamofire EventMonitor.swift
[58/87] Compiling Alamofire MultipartFormData.swift
[59/87] Compiling Alamofire MultipartUpload.swift
[60/87] Compiling Alamofire NetworkReachabilityManager.swift
[61/87] Compiling Alamofire RedirectHandler.swift
[62/87] Compiling Alamofire RequestCompression.swift
[63/87] Compiling Alamofire RequestInterceptor.swift
[64/87] Compiling Alamofire ResponseSerialization.swift
[65/87] Compiling Alamofire RetryPolicy.swift
[66/87] Compiling Alamofire ServerTrustEvaluation.swift
[67/87] Compiling Alamofire URLEncodedFormEncoder.swift
[68/87] Compiling Alamofire Validation.swift
[69/87] Compiling Alamofire resource_bundle_accessor.swift
[70/90] Compiling Monstask KVHeavyTasksManager.swift
/Users/runner/work/Monstra/Monstra/Sources/Monstask/KVHeavyTasksManager.swift:987:45: warning: reference to captured var 'self' in concurrently-executing code; this is an error in the Swift 6 language mode
 985 |                 // Handle custom events (progress updates, status changes, etc.)
 986 |                 DispatchQueue.global().async {
 987 |                     guard let taskManager = self else { return }
     |                                             `- warning: reference to captured var 'self' in concurrently-executing code; this is an error in the Swift 6 language mode
 988 |                     taskManager.semaphore.wait()
 989 |                     defer { taskManager.semaphore.signal() }

/Users/runner/work/Monstra/Monstra/Sources/Monstask/KVHeavyTasksManager.swift:1001:45: warning: reference to captured var 'self' in concurrently-executing code; this is an error in the Swift 6 language mode
 999 |                 // Handle final task result (success or failure)
1000 |                 DispatchQueue.global().async {
1001 |                     guard let taskManager = self else { return }
     |                                             `- warning: reference to captured var 'self' in concurrently-executing code; this is an error in the Swift 6 language mode
1002 |                     taskManager.semaphore.wait()
1003 |                     defer { taskManager.semaphore.signal() }
[71/91] Compiling Monstask KVLightTasksManager.swift
[72/91] Emitting module Monstask
[73/91] Compiling Monstask MonoTask.swift
[74/96] Emitting module MonstraBaseTests
[75/98] Emitting module MonstoreTests
[76/100] Compiling MonstaskTests MonoTaskCrossScenarioTests.swift
[78/100] Compiling MonstoreTests TTLPriorityLRUQueuePerformanceTests.swift
[80/100] Compiling MonstoreTests CacheStatisticsTests.swift
[81/100] Compiling MonstaskTests KVHeavyTasksManagerTests.swift
/Users/runner/work/Monstra/Monstra/Tests/MonstraBaseTests/HeapTests.swift:921:14: warning: result of call to 'remove(at:)' is unused
 919 |         heap.insert(10)
 920 |         heap.insert(20)
 921 |         heap.remove()
     |              `- warning: result of call to 'remove(at:)' is unused
 922 |         
 923 |         // Should have recorded events

/Users/runner/work/Monstra/Monstra/Tests/MonstraBaseTests/HeapTests.swift:945:22: warning: result of call to 'remove(at:)' is unused
 943 |             
 944 |             for _ in 0..<1000 {
 945 |                 heap.remove()
     |                      `- warning: result of call to 'remove(at:)' is unused
 946 |             }
 947 |         }
[82/100] Compiling MonstaskTests KVLightTasksManagerTests.swift
/Users/runner/work/Monstra/Monstra/Tests/MonstraBaseTests/HeapTests.swift:921:14: warning: result of call to 'remove(at:)' is unused
 919 |         heap.insert(10)
 920 |         heap.insert(20)
 921 |         heap.remove()
     |              `- warning: result of call to 'remove(at:)' is unused
 922 |         
 923 |         // Should have recorded events

/Users/runner/work/Monstra/Monstra/Tests/MonstraBaseTests/HeapTests.swift:945:22: warning: result of call to 'remove(at:)' is unused
 943 |             
 944 |             for _ in 0..<1000 {
 945 |                 heap.remove()
     |                      `- warning: result of call to 'remove(at:)' is unused
 946 |             }
 947 |         }
[83/100] Compiling MonstaskTests MonoTaskClearResultTests.swift
/Users/runner/work/Monstra/Monstra/Tests/MonstraBaseTests/HeapTests.swift:921:14: warning: result of call to 'remove(at:)' is unused
 919 |         heap.insert(10)
 920 |         heap.insert(20)
 921 |         heap.remove()
     |              `- warning: result of call to 'remove(at:)' is unused
 922 |         
 923 |         // Should have recorded events

/Users/runner/work/Monstra/Monstra/Tests/MonstraBaseTests/HeapTests.swift:945:22: warning: result of call to 'remove(at:)' is unused
 943 |             
 944 |             for _ in 0..<1000 {
 945 |                 heap.remove()
     |                      `- warning: result of call to 'remove(at:)' is unused
 946 |             }
 947 |         }
[87/101] Compiling MonstraBaseTests TracingIDFactoryTest.swift
[93/103] Emitting module KVHeavyTaskDataProviderExample
[94/103] Compiling KVHeavyTaskDataProviderExample main.swift
/Users/runner/work/Monstra/Monstra/Examples/KVHeavyTaskDataProviderExample/main.swift:55:27: warning: immutable value 'value' was never used; consider replacing with '_' or removing it
 53 |         case .idle:
 54 |             resumeData = ""
 55 |         case .running(let value):
    |                           `- warning: immutable value 'value' was never used; consider replacing with '_' or removing it
 56 |             return
 57 |         case .finished(let value):

/Users/runner/work/Monstra/Monstra/Examples/KVHeavyTaskDataProviderExample/main.swift:57:28: warning: immutable value 'value' was never used; consider replacing with '_' or removing it
 55 |         case .running(let value):
 56 |             return
 57 |         case .finished(let value):
    |                            `- warning: immutable value 'value' was never used; consider replacing with '_' or removing it
 58 |             return
 59 |         case .paused(let value):

/Users/runner/work/Monstra/Monstra/Examples/KVHeavyTaskDataProviderExample/main.swift:371:9: warning: initialization of immutable value 'smallFileURL' was never used; consider replacing with assignment to '_' or removing it
369 | func alamofireDataProviderTest() {
370 |     let largeFileURL = "https://updatecdn.meeting.qq.com/cos/197eaf6e0ea4bcafff72e5bb623555e6/TencentMeeting_0300000000_3.35.1.437.publish.arm64.officialwebsite.dmg"
371 |     let smallFileURL = "https://www.google.com"
    |         `- warning: initialization of immutable value 'smallFileURL' was never used; consider replacing with assignment to '_' or removing it
372 |     
373 |     /// Currently selected test URL for demonstration
[94/103] Write Objects.LinkFileList
[96/103] Compiling MonstaskTests MonoTaskTests.swift
[96/103] Linking KVHeavyTaskDataProviderExample
[97/103] Applying KVHeavyTaskDataProviderExample
[99/103] Emitting module MonstaskTests
[102/105] Compiling MonstraPackageTests runner.swift
[103/105] Emitting module MonstraPackageTests
[103/105] Write Objects.LinkFileList
[104/105] Linking MonstraPackageTests
Build complete! (35.19s)
Test Suite 'Selected tests' started at 2025-08-22 00:09:52.348.
Test Suite 'MonstraPackageTests.xctest' started at 2025-08-22 00:09:52.349.
Test Suite 'MonoTaskClearResultTests' started at 2025-08-22 00:09:52.349.
Test Case '-[MonstaskTests.MonoTaskClearResultTests testClearResultAllowCompletionWhenIdle]' started.
Test Case '-[MonstaskTests.MonoTaskClearResultTests testClearResultAllowCompletionWhenIdle]' passed (0.001 seconds).
Test Case '-[MonstaskTests.MonoTaskClearResultTests testClearResultCancelDuringExecution]' started.
/Users/runner/work/Monstra/Monstra/Tests/MonstaskTests/MonoTaskClearResultTests.swift:184: error: -[MonstaskTests.MonoTaskClearResultTests testClearResultCancelDuringExecution] : XCTAssertEqual failed: ("2") is not equal to ("3") - All 3 callbacks should receive cancellation errors
/Users/runner/work/Monstra/Monstra/Tests/MonstaskTests/MonoTaskClearResultTests.swift:186: error: -[MonstaskTests.MonoTaskClearResultTests testClearResultCancelDuringExecution] : XCTAssertEqual failed: ("2") is not equal to ("3") - Should record 3 cancellations
Test Case '-[MonstaskTests.MonoTaskClearResultTests testClearResultCancelDuringExecution]' failed (10.185 seconds).
Test Case '-[MonstaskTests.MonoTaskClearResultTests testClearResultDuringCacheHit]' started.
Test Case '-[MonstaskTests.MonoTaskClearResultTests testClearResultDuringCacheHit]' passed (0.049 seconds).
Test Case '-[MonstaskTests.MonoTaskClearResultTests testClearResultDuringRetries]' started.
Test Case '-[MonstaskTests.MonoTaskClearResultTests testClearResultDuringRetries]' passed (0.053 seconds).
Test Case '-[MonstaskTests.MonoTaskClearResultTests testClearResultErrorHandlingAndRecovery]' started.
Test Case '-[MonstaskTests.MonoTaskClearResultTests testClearResultErrorHandlingAndRecovery]' passed (0.000 seconds).
Test Case '-[MonstaskTests.MonoTaskClearResultTests testClearResultHighConcurrencyStress]' started.
Test Case '-[MonstaskTests.MonoTaskClearResultTests testClearResultHighConcurrencyStress]' passed (0.056 seconds).
Test Case '-[MonstaskTests.MonoTaskClearResultTests testClearResultOnCompletedTask]' started.
Test Case '-[MonstaskTests.MonoTaskClearResultTests testClearResultOnCompletedTask]' passed (0.000 seconds).
Test Case '-[MonstaskTests.MonoTaskClearResultTests testClearResultRestartDuringExecution]' started.
Test Case '-[MonstaskTests.MonoTaskClearResultTests testClearResultRestartDuringExecution]' passed (10.222 seconds).
Test Case '-[MonstaskTests.MonoTaskClearResultTests testClearResultThreadSafetyWithPropertyAccess2]' started.
Test Case '-[MonstaskTests.MonoTaskClearResultTests testClearResultThreadSafetyWithPropertyAccess2]' passed (0.102 seconds).
Test Case '-[MonstaskTests.MonoTaskClearResultTests testClearResultThreadSafetyWithPropertyAccess]' started.
Test Case '-[MonstaskTests.MonoTaskClearResultTests testClearResultThreadSafetyWithPropertyAccess]' passed (0.146 seconds).
Test Case '-[MonstaskTests.MonoTaskClearResultTests testClearResultWithExpiredCache]' started.
Test Case '-[MonstaskTests.MonoTaskClearResultTests testClearResultWithExpiredCache]' passed (0.172 seconds).
Test Case '-[MonstaskTests.MonoTaskClearResultTests testClearResultWithMixedExecutionMethods]' started.
Test Case '-[MonstaskTests.MonoTaskClearResultTests testClearResultWithMixedExecutionMethods]' passed (0.089 seconds).
Test Case '-[MonstaskTests.MonoTaskClearResultTests testConcurrentClearResultCalls]' started.
Test Case '-[MonstaskTests.MonoTaskClearResultTests testConcurrentClearResultCalls]' passed (0.028 seconds).
Test Suite 'MonoTaskClearResultTests' failed at 2025-08-22 00:10:13.455.
	 Executed 13 tests, with 2 failures (0 unexpected) in 21.104 (21.105) seconds
Test Suite 'MonstraPackageTests.xctest' failed at 2025-08-22 00:10:13.455.
	 Executed 13 tests, with 2 failures (0 unexpected) in 21.104 (21.105) seconds
Test Suite 'Selected tests' failed at 2025-08-22 00:10:13.455.
	 Executed 13 tests, with 2 failures (0 unexpected) in 21.104 (21.107) seconds
High concurrency stress test completed:
- Executions: 1
- Clear calls: 5
- Successful results: 45
◇ Test run started.
↳ Testing Library Version: 94 (arm64e-apple-macos13.0)
✔ Test run with 0 tests passed after 0.001 seconds.
Error: Process completed with exit code 1.